<?xml version="1.0" encoding="UTF-8"?>
<!-- Generated by org.testng.reporters.JUnitReportReporter -->
<testsuite hostname="LAPTOP-LOHGNQ24" failures="0" tests="1" name="com.demout.tour.test.Validate" time="4.942" errors="0" timestamp="10 Jun. 2019 19:30:41 GMT" skipped="0">
  <testcase classname="com.demout.tour.test.Validate" name="valideUser" time="4.942"/>
</testsuite> <!-- com.demout.tour.test.Validate -->
