<?xml version="1.0" encoding="UTF-8"?>
<!-- Generated by org.testng.reporters.JUnitReportReporter -->
<testsuite hostname="LAPTOP-LOHGNQ24" failures="0" tests="1" name="com.demout.tour.test.AllTest" time="7.970" errors="0" timestamp="10 Jun. 2019 19:30:41 GMT" skipped="0">
  <testcase classname="com.demout.tour.test.AllTest" name="flightBooking" time="7.970"/>
</testsuite> <!-- com.demout.tour.test.AllTest -->
